# JRE version: Java(TM) SE Runtime Environment (12.0+33) (build 12+33)
# Java VM: Java HotSpot(TM) 64-Bit Server VM (12+33, mixed mode, sharing, tiered, compressed oops, g1 gc, windows-amd64)
Heap:
 garbage-first heap   total 59392K, used 31864K [0x0000000081600000, 0x0000000100000000)
  region size 1024K, 15 young (15360K), 2 survivors (2048K)
 Metaspace       used 34027K, capacity 35490K, committed 35712K, reserved 1079296K
  class space    used 4626K, capacity 5189K, committed 5248K, reserved 1048576K
GC Heap History (10 events):
Event: 7.490 GC heap before
{Heap before GC invocations=8 (full 0):
 garbage-first heap   total 40960K, used 31733K [0x0000000081600000, 0x0000000100000000)
  region size 1024K, 19 young (19456K), 3 survivors (3072K)
 Metaspace       used 27274K, capacity 28516K, committed 28544K, reserved 1073152K
  class space    used 3504K, capacity 3960K, committed 3968K, reserved 1048576K
}
Event: 7.506 GC heap after
{Heap after GC invocations=9 (full 0):
 garbage-first heap   total 49152K, used 16981K [0x0000000081600000, 0x0000000100000000)
  region size 1024K, 3 young (3072K), 3 survivors (3072K)
 Metaspace       used 27274K, capacity 28516K, committed 28544K, reserved 1073152K
  class space    used 3504K, capacity 3960K, committed 3968K, reserved 1048576K
}
Event: 7.955 GC heap before
{Heap before GC invocations=9 (full 0):
 garbage-first heap   total 49152K, used 35413K [0x0000000081600000, 0x0000000100000000)
  region size 1024K, 21 young (21504K), 3 survivors (3072K)
 Metaspace       used 28421K, capacity 29656K, committed 29824K, reserved 1075200K
  class space    used 3649K, capacity 4125K, committed 4224K, reserved 1048576K
}
Event: 7.967 GC heap after
{Heap after GC invocations=10 (full 0):
 garbage-first heap   total 49152K, used 18024K [0x0000000081600000, 0x0000000100000000)
  region size 1024K, 3 young (3072K), 3 survivors (3072K)
 Metaspace       used 28421K, capacity 29656K, committed 29824K, reserved 1075200K
  class space    used 3649K, capacity 4125K, committed 4224K, reserved 1048576K
}
Event: 8.406 GC heap before
{Heap before GC invocations=10 (full 0):
 garbage-first heap   total 49152K, used 36456K [0x0000000081600000, 0x0000000100000000)
  region size 1024K, 21 young (21504K), 3 survivors (3072K)
 Metaspace       used 29046K, capacity 30394K, committed 30720K, reserved 1075200K
  class space    used 3743K, capacity 4242K, committed 4352K, reserved 1048576K
}
Event: 8.417 GC heap after
{Heap after GC invocations=11 (full 0):
 garbage-first heap   total 49152K, used 19176K [0x0000000081600000, 0x0000000100000000)
  region size 1024K, 3 young (3072K), 3 survivors (3072K)
 Metaspace       used 29046K, capacity 30394K, committed 30720K, reserved 1075200K
  class space    used 3743K, capacity 4242K, committed 4352K, reserved 1048576K
}
Event: 8.823 GC heap before
{Heap before GC invocations=11 (full 0):
 garbage-first heap   total 49152K, used 36584K [0x0000000081600000, 0x0000000100000000)
  region size 1024K, 20 young (20480K), 3 survivors (3072K)
 Metaspace       used 30609K, capacity 32085K, committed 32256K, reserved 1077248K
  class space    used 3984K, capacity 4552K, committed 4608K, reserved 1048576K
}
Event: 8.832 GC heap after
{Heap after GC invocations=12 (full 0):
 garbage-first heap   total 49152K, used 19463K [0x0000000081600000, 0x0000000100000000)
  region size 1024K, 2 young (2048K), 2 survivors (2048K)
 Metaspace       used 30609K, capacity 32085K, committed 32256K, reserved 1077248K
  class space    used 3984K, capacity 4552K, committed 4608K, reserved 1048576K
}
Event: 9.287 GC heap before
{Heap before GC invocations=12 (full 0):
 garbage-first heap   total 49152K, used 37895K [0x0000000081600000, 0x0000000100000000)
  region size 1024K, 20 young (20480K), 2 survivors (2048K)
 Metaspace       used 32863K, capacity 34303K, committed 34432K, reserved 1079296K
  class space    used 4408K, capacity 4947K, committed 4992K, reserved 1048576K
}
Event: 9.294 GC heap after
{Heap after GC invocations=13 (full 0):
 garbage-first heap   total 59392K, used 19576K [0x0000000081600000, 0x0000000100000000)
  region size 1024K, 2 young (2048K), 2 survivors (2048K)
 Metaspace       used 32863K, capacity 34303K, committed 34432K, reserved 1079296K
  class space    used 4408K, capacity 4947K, committed 4992K, reserved 1048576K
}

