# JRE version: Java(TM) SE Runtime Environment (12.0+33) (build 12+33)
# Java VM: Java HotSpot(TM) 64-Bit Server VM (12+33, mixed mode, sharing, tiered, compressed oops, g1 gc, windows-amd64)
Heap:
 garbage-first heap   total 59392K, used 28078K [0x0000000081600000, 0x0000000100000000)
  region size 1024K, 11 young (11264K), 2 survivors (2048K)
 Metaspace       used 33831K, capacity 35311K, committed 35456K, reserved 1079296K
  class space    used 4598K, capacity 5150K, committed 5248K, reserved 1048576K
GC Heap History (10 events):
Event: 7.317 GC heap before
{Heap before GC invocations=8 (full 0):
 garbage-first heap   total 40960K, used 31838K [0x0000000081600000, 0x0000000100000000)
  region size 1024K, 19 young (19456K), 3 survivors (3072K)
 Metaspace       used 27239K, capacity 28477K, committed 28544K, reserved 1073152K
  class space    used 3498K, capacity 3966K, committed 3968K, reserved 1048576K
}
Event: 7.331 GC heap after
{Heap after GC invocations=9 (full 0):
 garbage-first heap   total 49152K, used 16982K [0x0000000081600000, 0x0000000100000000)
  region size 1024K, 3 young (3072K), 3 survivors (3072K)
 Metaspace       used 27239K, capacity 28477K, committed 28544K, reserved 1073152K
  class space    used 3498K, capacity 3966K, committed 3968K, reserved 1048576K
}
Event: 7.802 GC heap before
{Heap before GC invocations=9 (full 0):
 garbage-first heap   total 49152K, used 35414K [0x0000000081600000, 0x0000000100000000)
  region size 1024K, 21 young (21504K), 3 survivors (3072K)
 Metaspace       used 28326K, capacity 29641K, committed 29824K, reserved 1075200K
  class space    used 3639K, capacity 4140K, committed 4224K, reserved 1048576K
}
Event: 7.816 GC heap after
{Heap after GC invocations=10 (full 0):
 garbage-first heap   total 49152K, used 18214K [0x0000000081600000, 0x0000000100000000)
  region size 1024K, 3 young (3072K), 3 survivors (3072K)
 Metaspace       used 28326K, capacity 29641K, committed 29824K, reserved 1075200K
  class space    used 3639K, capacity 4140K, committed 4224K, reserved 1048576K
}
Event: 8.282 GC heap before
{Heap before GC invocations=10 (full 0):
 garbage-first heap   total 49152K, used 36646K [0x0000000081600000, 0x0000000100000000)
  region size 1024K, 21 young (21504K), 3 survivors (3072K)
 Metaspace       used 28978K, capacity 30390K, committed 30464K, reserved 1075200K
  class space    used 3736K, capacity 4282K, committed 4352K, reserved 1048576K
}
Event: 8.293 GC heap after
{Heap after GC invocations=11 (full 0):
 garbage-first heap   total 49152K, used 19541K [0x0000000081600000, 0x0000000100000000)
  region size 1024K, 3 young (3072K), 3 survivors (3072K)
 Metaspace       used 28978K, capacity 30390K, committed 30464K, reserved 1075200K
  class space    used 3736K, capacity 4282K, committed 4352K, reserved 1048576K
}
Event: 8.681 GC heap before
{Heap before GC invocations=11 (full 0):
 garbage-first heap   total 49152K, used 36949K [0x0000000081600000, 0x0000000100000000)
  region size 1024K, 20 young (20480K), 3 survivors (3072K)
 Metaspace       used 30835K, capacity 32226K, committed 32512K, reserved 1077248K
  class space    used 4044K, capacity 4577K, committed 4608K, reserved 1048576K
}
Event: 8.689 GC heap after
{Heap after GC invocations=12 (full 0):
 garbage-first heap   total 49152K, used 19555K [0x0000000081600000, 0x0000000100000000)
  region size 1024K, 2 young (2048K), 2 survivors (2048K)
 Metaspace       used 30835K, capacity 32226K, committed 32512K, reserved 1077248K
  class space    used 4044K, capacity 4577K, committed 4608K, reserved 1048576K
}
Event: 9.118 GC heap before
{Heap before GC invocations=12 (full 0):
 garbage-first heap   total 49152K, used 37987K [0x0000000081600000, 0x0000000100000000)
  region size 1024K, 20 young (20480K), 2 survivors (2048K)
 Metaspace       used 32989K, capacity 34430K, committed 34560K, reserved 1079296K
  class space    used 4454K, capacity 5006K, committed 5120K, reserved 1048576K
}
Event: 9.125 GC heap after
{Heap after GC invocations=13 (full 0):
 garbage-first heap   total 59392K, used 19886K [0x0000000081600000, 0x0000000100000000)
  region size 1024K, 2 young (2048K), 2 survivors (2048K)
 Metaspace       used 32989K, capacity 34430K, committed 34560K, reserved 1079296K
  class space    used 4454K, capacity 5006K, committed 5120K, reserved 1048576K
}

