# JRE version: Java(TM) SE Runtime Environment (12.0+33) (build 12+33)
# Java VM: Java HotSpot(TM) 64-Bit Server VM (12+33, mixed mode, sharing, tiered, compressed oops, g1 gc, windows-amd64)
Heap:
 garbage-first heap   total 59392K, used 29003K [0x0000000081600000, 0x0000000100000000)
  region size 1024K, 13 young (13312K), 2 survivors (2048K)
 Metaspace       used 33837K, capacity 35312K, committed 35456K, reserved 1079296K
  class space    used 4598K, capacity 5150K, committed 5248K, reserved 1048576K
GC Heap History (10 events):
Event: 5.544 GC heap before
{Heap before GC invocations=7 (full 0):
 garbage-first heap   total 49152K, used 35432K [0x0000000081600000, 0x0000000100000000)
  region size 1024K, 24 young (24576K), 3 survivors (3072K)
 Metaspace       used 26698K, capacity 27879K, committed 28032K, reserved 1073152K
  class space    used 3425K, capacity 3875K, committed 3968K, reserved 1048576K
}
Event: 5.561 GC heap after
{Heap after GC invocations=8 (full 0):
 garbage-first heap   total 49152K, used 15390K [0x0000000081600000, 0x0000000100000000)
  region size 1024K, 3 young (3072K), 3 survivors (3072K)
 Metaspace       used 26698K, capacity 27879K, committed 28032K, reserved 1073152K
  class space    used 3425K, capacity 3875K, committed 3968K, reserved 1048576K
}
Event: 6.000 GC heap before
{Heap before GC invocations=8 (full 0):
 garbage-first heap   total 49152K, used 35870K [0x0000000081600000, 0x0000000100000000)
  region size 1024K, 23 young (23552K), 3 survivors (3072K)
 Metaspace       used 28018K, capacity 29253K, committed 29440K, reserved 1075200K
  class space    used 3597K, capacity 4075K, committed 4096K, reserved 1048576K
}
Event: 6.013 GC heap after
{Heap after GC invocations=9 (full 0):
 garbage-first heap   total 49152K, used 17060K [0x0000000081600000, 0x0000000100000000)
  region size 1024K, 2 young (2048K), 2 survivors (2048K)
 Metaspace       used 28018K, capacity 29253K, committed 29440K, reserved 1075200K
  class space    used 3597K, capacity 4075K, committed 4096K, reserved 1048576K
}
Event: 6.426 GC heap before
{Heap before GC invocations=9 (full 0):
 garbage-first heap   total 49152K, used 36516K [0x0000000081600000, 0x0000000100000000)
  region size 1024K, 21 young (21504K), 2 survivors (2048K)
 Metaspace       used 28524K, capacity 29780K, committed 30080K, reserved 1075200K
  class space    used 3657K, capacity 4143K, committed 4224K, reserved 1048576K
}
Event: 6.435 GC heap after
{Heap after GC invocations=10 (full 0):
 garbage-first heap   total 49152K, used 18245K [0x0000000081600000, 0x0000000100000000)
  region size 1024K, 3 young (3072K), 3 survivors (3072K)
 Metaspace       used 28524K, capacity 29780K, committed 30080K, reserved 1075200K
  class space    used 3657K, capacity 4143K, committed 4224K, reserved 1048576K
}
Event: 6.953 GC heap before
{Heap before GC invocations=10 (full 0):
 garbage-first heap   total 49152K, used 37701K [0x0000000081600000, 0x0000000100000000)
  region size 1024K, 22 young (22528K), 3 survivors (3072K)
 Metaspace       used 29961K, capacity 31363K, committed 31616K, reserved 1077248K
  class space    used 3882K, capacity 4417K, committed 4480K, reserved 1048576K
}
Event: 6.967 GC heap after
{Heap after GC invocations=11 (full 0):
 garbage-first heap   total 59392K, used 18678K [0x0000000081600000, 0x0000000100000000)
  region size 1024K, 2 young (2048K), 2 survivors (2048K)
 Metaspace       used 29961K, capacity 31363K, committed 31616K, reserved 1077248K
  class space    used 3882K, capacity 4417K, committed 4480K, reserved 1048576K
}
Event: 7.590 GC heap before
{Heap before GC invocations=11 (full 0):
 garbage-first heap   total 59392K, used 41206K [0x0000000081600000, 0x0000000100000000)
  region size 1024K, 25 young (25600K), 2 survivors (2048K)
 Metaspace       used 32840K, capacity 34271K, committed 34432K, reserved 1079296K
  class space    used 4412K, capacity 4974K, committed 4992K, reserved 1048576K
}
Event: 7.597 GC heap after
{Heap after GC invocations=12 (full 0):
 garbage-first heap   total 59392K, used 18763K [0x0000000081600000, 0x0000000100000000)
  region size 1024K, 2 young (2048K), 2 survivors (2048K)
 Metaspace       used 32840K, capacity 34271K, committed 34432K, reserved 1079296K
  class space    used 4412K, capacity 4974K, committed 4992K, reserved 1048576K
}

