# JRE version: Java(TM) SE Runtime Environment (12.0+33) (build 12+33)
# Java VM: Java HotSpot(TM) 64-Bit Server VM (12+33, mixed mode, sharing, tiered, compressed oops, g1 gc, windows-amd64)
Heap:
 garbage-first heap   total 59392K, used 32193K [0x0000000081600000, 0x0000000100000000)
  region size 1024K, 16 young (16384K), 2 survivors (2048K)
 Metaspace       used 33831K, capacity 35312K, committed 35456K, reserved 1079296K
  class space    used 4598K, capacity 5150K, committed 5248K, reserved 1048576K
GC Heap History (10 events):
Event: 6.168 GC heap before
{Heap before GC invocations=7 (full 0):
 garbage-first heap   total 49152K, used 34499K [0x0000000081600000, 0x0000000100000000)
  region size 1024K, 23 young (23552K), 3 survivors (3072K)
 Metaspace       used 26702K, capacity 27879K, committed 28032K, reserved 1073152K
  class space    used 3428K, capacity 3875K, committed 3968K, reserved 1048576K
}
Event: 6.184 GC heap after
{Heap after GC invocations=8 (full 0):
 garbage-first heap   total 49152K, used 15508K [0x0000000081600000, 0x0000000100000000)
  region size 1024K, 2 young (2048K), 2 survivors (2048K)
 Metaspace       used 26702K, capacity 27879K, committed 28032K, reserved 1073152K
  class space    used 3428K, capacity 3875K, committed 3968K, reserved 1048576K
}
Event: 6.593 GC heap before
{Heap before GC invocations=8 (full 0):
 garbage-first heap   total 49152K, used 35988K [0x0000000081600000, 0x0000000100000000)
  region size 1024K, 22 young (22528K), 2 survivors (2048K)
 Metaspace       used 27918K, capacity 29177K, committed 29440K, reserved 1075200K
  class space    used 3584K, capacity 4071K, committed 4096K, reserved 1048576K
}
Event: 6.607 GC heap after
{Heap after GC invocations=9 (full 0):
 garbage-first heap   total 49152K, used 16996K [0x0000000081600000, 0x0000000100000000)
  region size 1024K, 3 young (3072K), 3 survivors (3072K)
 Metaspace       used 27918K, capacity 29177K, committed 29440K, reserved 1075200K
  class space    used 3584K, capacity 4071K, committed 4096K, reserved 1048576K
}
Event: 6.997 GC heap before
{Heap before GC invocations=9 (full 0):
 garbage-first heap   total 49152K, used 36452K [0x0000000081600000, 0x0000000100000000)
  region size 1024K, 22 young (22528K), 3 survivors (3072K)
 Metaspace       used 28513K, capacity 29781K, committed 30080K, reserved 1075200K
  class space    used 3659K, capacity 4143K, committed 4224K, reserved 1048576K
}
Event: 7.010 GC heap after
{Heap after GC invocations=10 (full 0):
 garbage-first heap   total 49152K, used 18295K [0x0000000081600000, 0x0000000100000000)
  region size 1024K, 3 young (3072K), 3 survivors (3072K)
 Metaspace       used 28513K, capacity 29781K, committed 30080K, reserved 1075200K
  class space    used 3659K, capacity 4143K, committed 4224K, reserved 1048576K
}
Event: 7.478 GC heap before
{Heap before GC invocations=10 (full 0):
 garbage-first heap   total 49152K, used 36727K [0x0000000081600000, 0x0000000100000000)
  region size 1024K, 21 young (21504K), 3 survivors (3072K)
 Metaspace       used 29729K, capacity 31136K, committed 31360K, reserved 1077248K
  class space    used 3848K, capacity 4384K, committed 4480K, reserved 1048576K
}
Event: 7.489 GC heap after
{Heap after GC invocations=11 (full 0):
 garbage-first heap   total 59392K, used 18627K [0x0000000081600000, 0x0000000100000000)
  region size 1024K, 2 young (2048K), 2 survivors (2048K)
 Metaspace       used 29729K, capacity 31136K, committed 31360K, reserved 1077248K
  class space    used 3848K, capacity 4384K, committed 4480K, reserved 1048576K
}
Event: 8.022 GC heap before
{Heap before GC invocations=11 (full 0):
 garbage-first heap   total 59392K, used 41155K [0x0000000081600000, 0x0000000100000000)
  region size 1024K, 24 young (24576K), 2 survivors (2048K)
 Metaspace       used 32573K, capacity 33997K, committed 34176K, reserved 1079296K
  class space    used 4359K, capacity 4908K, committed 4992K, reserved 1048576K
}
Event: 8.029 GC heap after
{Heap after GC invocations=12 (full 0):
 garbage-first heap   total 59392K, used 18881K [0x0000000081600000, 0x0000000100000000)
  region size 1024K, 2 young (2048K), 2 survivors (2048K)
 Metaspace       used 32573K, capacity 33997K, committed 34176K, reserved 1079296K
  class space    used 4359K, capacity 4908K, committed 4992K, reserved 1048576K
}

